app/seeds.txt
io.github.prabhuomkar.pytorchandroid.ui.activities.MainActivity
io.github.prabhuomkar.pytorchandroid.playground.AutoFitTextureView: AutoFitTextureView(android.content.Context,android.util.AttributeSet,int)
io.github.prabhuomkar.pytorchandroid.playground.AutoFitTextureView: AutoFitTextureView(android.content.Context,android.util.AttributeSet)
io.github.prabhuomkar.pytorchandroid.playground.ImageClassificationActivity: ImageClassificationActivity()
io.github.prabhuomkar.pytorchandroid.playground.ImageClassificationActivity
io.github.prabhuomkar.pytorchandroid.playground.AutoFitTextureView: AutoFitTextureView(android.content.Context)
io.github.prabhuomkar.pytorchandroid.ui.activities.MainActivity: MainActivity()
io.github.prabhuomkar.pytorchandroid.playground.AutoFitTextureView
...
androidx.constraintlayout.widget.R$styleable: int ConstraintLayout_Layout_layout_editor_absoluteY
androidx.appcompat.R$attr: int alertDialogCenterButtons
androidx.appcompat.R$attr: int tickMarkTintMode
androidx.appcompat.R$styleable: int ActionBar_subtitleTextStyle
androidx.recyclerview.R$dimen: int notification_top_pad_large_text
androidx.appcompat.R$drawable: int abc_vector_test
androidx.appcompat.R$styleable: int[] AnimatedStateListDrawableItem
androidx.vectordrawable.graphics.drawable.VectorDrawableCompat$VGroup: float getTranslateX()
androidx.appcompat.R$attr: int popupTheme
androidx.constraintlayout.widget.Barrier
androidx.appcompat.view.menu.ExpandedMenuView
androidx.camera.core.ImageCapture$CaptureMode: androidx.camera.core.ImageCapture$CaptureMode valueOf(java.lang.String)
androidx.constraintlayout.widget.ConstraintLayout: ConstraintLayout(android.content.Context,android.util.AttributeSet)
androidx.appcompat.widget.SearchView
androidx.appcompat.R$attr: int buttonTint
androidx.constraintlayout.widget.R$styleable: int ConstraintSet_android_maxHeight
androidx.appcompat.R$drawable: int abc_btn_radio_to_on_mtrl_015
androidx.appcompat.R$attr: int collapseContentDescription
androidx.constraintlayout.widget.R$styleable: int[] ConstraintSet
androidx.appcompat.R$attr: int searchViewStyle
androidx.appcompat.widget.Toolbar: void setPopupTheme(int)
androidx.appcompat.resources.R$styleable: int FontFamilyFont_android_fontWeight
androidx.appcompat.R$attr: int actionModeStyle
androidx.appcompat.R$styleable: int AppCompatTextHelper_android_drawableLeft
androidx.appcompat.widget.SearchView: void setQuery(java.lang.CharSequence)
androidx.appcompat.R$style: int Widget_AppCompat_DropDownItem_Spinner
androidx.appcompat.R$drawable: int notification_bg
androidx.lifecycle.Lifecycle$Event: androidx.lifecycle.Lifecycle$Event ON_START
androidx.appcompat.R$color: int abc_tint_default
androidx.appcompat.R$styleable: int AppCompatTheme_popupWindowStyle
androidx.appcompat.widget.SearchView: int getImeOptions()
androidx.appcompat.R$id: int blocking
androidx.lifecycle.ReflectiveGenericLifecycleObserver
androidx.appcompat.widget.AppCompatCheckBox: android.graphics.PorterDuff$Mode getSupportButtonTintMode()
androidx.appcompat.resources.R$styleable: int AnimatedStateListDrawableCompat_android_variablePadding
androidx.appcompat.R$attr: int dividerHorizontal
androidx.constraintlayout.widget.R$styleable: int ConstraintLayout_Layout_layout_constraintCircleAngle
androidx.appcompat.R$attr: int buttonCompat
androidx.appcompat.R$styleable: int Toolbar_titleMarginTop
androidx.appcompat.widget.AppCompatImageButton: void setImageDrawable(android.graphics.drawable.Drawable)
androidx.appcompat.R$attr: int splitTrack
androidx.appcompat.R$color: int material_blue_grey_900
androidx.appcompat.R$string: int abc_activitychooserview_choose_application
androidx.appcompat.R$dimen: int compat_button_inset_vertical_material
androidx.recyclerview.widget.RecyclerView: boolean isLayoutSuppressed()
androidx.appcompat.R$styleable: int AppCompatTextView_drawableEndCompat
androidx.appcompat.R$style: int TextAppearance_Widget_AppCompat_ExpandedMenu_Item
android.support.v4.media.session.MediaControllerCompat$MediaControllerImplApi21$ExtraBinderRequestResultReceiver
androidx.appcompat.resources.R$styleable: int GradientColorItem_android_color
androidx.appcompat.widget.AppCompatTextView: void setTextMetricsParamsCompat(androidx.core.text.PrecomputedTextCompat$Params)
androidx.constraintlayout.widget.ConstraintLayout: int getMinWidth()
androidx.appcompat.R$dimen: int abc_dropdownitem_text_padding_left
androidx.core.R$id: int tag_accessibility_clickable_spans
androidx.constraintlayout.widget.ConstraintLayout: void setMinWidth(int)
androidx.constraintlayout.widget.R$styleable: int ConstraintSet_layout_constraintHeight_min
androidx.appcompat.R$style: int TextAppearance_AppCompat_Body2
androidx.appcompat.R$style: int Base_V21_Theme_AppCompat_Dialog