app/mapping.txt
# compiler: R8
# compiler_version: 1.6.67
# min_api: 21
# pg_map_id: 3ae8956
# common_typos_disable
io.github.prabhuomkar.pytorchandroid.Constants -> gk:
    java.util.ArrayList TASK_IMAGE_CLASSIFICATION_MODELS -> b
    java.util.ArrayList tasks -> a
    1:1:void <clinit>():28:28 -> <clinit>
    2:2:void <clinit>():36:36 -> <clinit>
io.github.prabhuomkar.pytorchandroid.Constants$1 -> gk$a:
    1:1:void <init>():28:28 -> <init>
    2:2:void <init>():30:30 -> <init>
io.github.prabhuomkar.pytorchandroid.Constants$2 -> gk$b:
    1:1:void <init>():36:36 -> <init>
    2:2:void <init>():38:38 -> <init>
    3:3:void <init>():42:42 -> <init>
    4:4:void <init>():47:47 -> <init>
io.github.prabhuomkar.pytorchandroid.datasets.imagenet.Target -> hk:
    java.lang.String[] IMAGENET_TARGET_CLASSES -> a
    1:1:void <clinit>():8:8 -> <clinit>
io.github.prabhuomkar.pytorchandroid.helpers.CameraHelper$1 -> ik:
    io.github.prabhuomkar.pytorchandroid.playground.AutoFitTextureView val$textureView -> a
    1:1:void <init>(io.github.prabhuomkar.pytorchandroid.playground.AutoFitTextureView):25:25 -> <init>
io.github.prabhuomkar.pytorchandroid.helpers.DownloadHelper$1 -> jk:
    android.content.Context val$context -> a
    android.view.View val$view -> c
    java.lang.String val$fileName -> b
    1:1:void <init>(android.content.Context,java.lang.String,android.view.View):32:32 -> <init>
io.github.prabhuomkar.pytorchandroid.helpers.PermissionsHelper -> mk:
    java.lang.String[] PERMISSIONS_LIST -> a
    1:1:void <clinit>():23:23 -> <clinit>
    1:3:void getPermissions(androidx.appcompat.app.AppCompatActivity):30:32 -> a
    4:4:void getPermissions(androidx.appcompat.app.AppCompatActivity):34:34 -> a
io.github.prabhuomkar.pytorchandroid.helpers.PermissionsHelper$1 -> kk:
    1:1:void <init>():77:77 -> <init>
    1:1:void onClick(android.content.DialogInterface,int):80:80 -> onClick
io.github.prabhuomkar.pytorchandroid.helpers.PermissionsHelper$2 -> lk:
    androidx.appcompat.app.AppCompatActivity val$appCompatActivity -> b
    1:1:void <init>(androidx.appcompat.app.AppCompatActivity):66:66 -> <init>
    1:3:void onClick(android.content.DialogInterface,int):69:71 -> onClick
    4:4:void onClick(android.content.DialogInterface,int):70:70 -> onClick
    5:6:void onClick(android.content.DialogInterface,int):72:73 -> onClick
io.github.prabhuomkar.pytorchandroid.models.Model -> nk:
    int size -> f
    java.lang.String name -> a
    java.lang.String paperLink -> c
    java.lang.String description -> b
    java.lang.String downloadLink -> e
    java.lang.String sourceLink -> d
    1:6:void <init>(java.lang.String,java.lang.String,java.lang.String,java.lang.String,java.lang.String,java.lang.String,int):8:13 -> <init>
    7:7:void <init>(java.lang.String,java.lang.String,java.lang.String,java.lang.String,java.lang.String,java.lang.String,int):15:15 -> <init>
io.github.prabhuomkar.pytorchandroid.models.Task -> ok:
    java.lang.String name -> a
    java.lang.String imageLink -> c
    java.lang.String description -> b
    1:4:void <init>(java.lang.String,java.lang.String,java.lang.String):6:9 -> <init>
io.github.prabhuomkar.pytorchandroid.playground.-$$Lambda$ImageClassificationActivity$_n1DUjtDEt2IWdW73yjTNk11uhU -> pk:
    io.github.prabhuomkar.pytorchandroid.playground.ImageClassificationActivity f$0 -> a
    void analyze(androidx.camera.core.ImageProxy,int) -> a
io.github.prabhuomkar.pytorchandroid.playground.-$$Lambda$ImageClassificationActivity$c3SyEGJeZyBnMP5M44fipftQe_M -> qk:
    io.github.prabhuomkar.pytorchandroid.playground.ImageClassificationActivity f$0 -> b
...
androidx.arch.core.executor.TaskExecutor -> d4:
    1:1:void <init>():31:31 -> <init>
    boolean isMainThread() -> a
    void postToMainThread(java.lang.Runnable) -> a
androidx.arch.core.internal.FastSafeIterableMap -> e4:
    java.util.HashMap mHashMap -> f
    1:1:void <init>():35:35 -> <init>
    2:2:void <init>():37:37 -> <init>
    1:1:androidx.arch.core.internal.SafeIterableMap$Entry get(java.lang.Object):41:41 -> a
    1:1:androidx.arch.core.internal.SafeIterableMap$Entry get(java.lang.Object):41:41 -> b
    1:1:java.lang.Object putIfAbsent(java.lang.Object,java.lang.Object):46 -> b
    2:2:java.lang.Object putIfAbsent(java.lang.Object,java.lang.Object):48:48 -> b
    3:3:java.lang.Object putIfAbsent(java.lang.Object,java.lang.Object):50:50 -> b
    1:1:boolean contains(java.lang.Object):66:66 -> contains
    1:2:java.lang.Object remove(java.lang.Object):56:57 -> remove
androidx.arch.core.internal.SafeIterableMap -> f4:
    androidx.arch.core.internal.SafeIterableMap$Entry mStart -> b
    androidx.arch.core.internal.SafeIterableMap$Entry mEnd -> c
    java.util.WeakHashMap mIterators -> d
    int mSize -> e
    1:1:void <init>():35:35 -> <init>
    2:3:void <init>():42:43 -> <init>
    1:1:androidx.arch.core.internal.SafeIterableMap$Entry get(java.lang.Object):46:46 -> a
    2:2:androidx.arch.core.internal.SafeIterableMap$Entry get(java.lang.Object):48:48 -> a
    3:3:androidx.arch.core.internal.SafeIterableMap$Entry get(java.lang.Object):51:51 -> a
    4:8:androidx.arch.core.internal.SafeIterableMap$Entry put(java.lang.Object,java.lang.Object):75:79 -> a
    9:11:androidx.arch.core.internal.SafeIterableMap$Entry put(java.lang.Object,java.lang.Object):83:85 -> a
    12:13:androidx.arch.core.internal.SafeIterableMap$IteratorWithAdditions iteratorWithAdditions():160:161 -> a
    1:1:java.lang.Object putIfAbsent(java.lang.Object,java.lang.Object):66:66 -> b
    2:2:java.lang.Object putIfAbsent(java.lang.Object,java.lang.Object):68:68 -> b
    3:3:java.lang.Object putIfAbsent(java.lang.Object,java.lang.Object):70:70 -> b
    1:1:boolean equals(java.lang.Object):184:184 -> equals
    2:2:boolean equals(java.lang.Object):187:187 -> equals
    3:3:int size():130:130 -> equals
    3:3:boolean equals(java.lang.Object):188 -> equals
    4:8:boolean equals(java.lang.Object):191:195 -> equals
    9:9:boolean equals(java.lang.Object):197:197 -> equals
androidx.arch.core.internal.SafeIterableMap$AscendingIterator -> f4$a:
    1:1:void <init>(androidx.arch.core.internal.SafeIterableMap$Entry,androidx.arch.core.internal.SafeIterableMap$Entry):283:283 -> <init>
    1:1:androidx.arch.core.internal.SafeIterableMap$Entry backward(androidx.arch.core.internal.SafeIterableMap$Entry):293:293 -> b
    1:1:androidx.arch.core.internal.SafeIterableMap$Entry forward(androidx.arch.core.internal.SafeIterableMap$Entry):288:288 -> c
androidx.arch.core.internal.SafeIterableMap$DescendingIterator -> f4$b:
    1:1:void <init>(androidx.arch.core.internal.SafeIterableMap$Entry,androidx.arch.core.internal.SafeIterableMap$Entry):300:300 -> <init>
    1:1:androidx.arch.core.internal.SafeIterableMap$Entry backward(androidx.arch.core.internal.SafeIterableMap$Entry):310:310 -> b
    1:1:androidx.arch.core.internal.SafeIterableMap$Entry forward(androidx.arch.core.internal.SafeIterableMap$Entry):305:305 -> c