app/unused.txt
io.github.prabhuomkar.pytorchandroid.R$menu
io.github.prabhuomkar.pytorchandroid.helpers.FragmentHelper:
    public void <init>()
io.github.prabhuomkar.pytorchandroid.R$id
io.github.prabhuomkar.pytorchandroid.ui.fragments.TaskFragment:
    private static final java.lang.String ARG_NAME
    private static final java.lang.String ARG_DESCRIPTION
    private static final java.lang.String ARG_IMAGELINK
io.github.prabhuomkar.pytorchandroid.R$attr
io.github.prabhuomkar.pytorchandroid.R$anim
io.github.prabhuomkar.pytorchandroid.playground.AutoFitTextureView:
    public void setAspectRatio(int,int,boolean)
io.github.prabhuomkar.pytorchandroid.ui.adapters.ModelListAdapter$ModelView:
    io.github.prabhuomkar.pytorchandroid.ui.adapters.RecyclerViewClickListener clickListener
io.github.prabhuomkar.pytorchandroid.R$style
io.github.prabhuomkar.pytorchandroid.R$integer
io.github.prabhuomkar.pytorchandroid.helpers.FileHelper:
    public void <init>()
io.github.prabhuomkar.pytorchandroid.R$layout
io.github.prabhuomkar.pytorchandroid.R$string
io.github.prabhuomkar.pytorchandroid.R$dimen
io.github.prabhuomkar.pytorchandroid.helpers.CameraHelper:
    public void <init>()
io.github.prabhuomkar.pytorchandroid.R$bool
io.github.prabhuomkar.pytorchandroid.datasets.imagenet.Target:
    public void <init>()
    public static final int IMAGE_WIDTH
    public static final int IMAGE_HEIGHT
io.github.prabhuomkar.pytorchandroid.helpers.DownloadHelper:
    public void <init>()
io.github.prabhuomkar.pytorchandroid.R
io.github.prabhuomkar.pytorchandroid.Constants:
    public void <init>()
    public static final java.lang.String PLACEHOLDER_IMAGE_NAME
    public static final java.lang.String BUTTON_STATE_DOWNLOAD
    public static final java.lang.String BUTTON_STATE_DOWNLOADING
    public static final java.lang.String BUTTON_STATE_CANCEL
    public static final java.lang.String BUTTON_STATE_DONE
    public static final java.lang.String DOWNLOAD_PROGRESS_STATE_DONE
    public static final java.lang.String CONTACT_EMAIL
    public static final java.lang.String HELP_URL
    public static final java.lang.String ERR_NO_EMAIL_CLIENT
    public static final java.lang.String ERR_MODEL_NOT_FOUND
    public static final java.lang.String ERR_PERMISSION_TITLE
    public static final java.lang.String ERR_PERMISSION_MESSAGE
    public static final java.lang.String TASK_IMAGE_CLASSIFICATION
io.github.prabhuomkar.pytorchandroid.R$font
io.github.prabhuomkar.pytorchandroid.R$mipmap
io.github.prabhuomkar.pytorchandroid.BuildConfig
io.github.prabhuomkar.pytorchandroid.models.Model:
    public java.lang.String getImageLink()
io.github.prabhuomkar.pytorchandroid.helpers.PermissionsHelper:
    public void <init>()
    private static final int PERMISSION_REQUEST_CODE
io.github.prabhuomkar.pytorchandroid.datasets.imagenet.Runner:
    public void <init>()
io.github.prabhuomkar.pytorchandroid.helpers.UIHelper:
    public void <init>()
io.github.prabhuomkar.pytorchandroid.helpers.DataHelper:
    public void <init>()
io.github.prabhuomkar.pytorchandroid.R$color
io.github.prabhuomkar.pytorchandroid.R$drawable
io.github.prabhuomkar.pytorchandroid.R$styleable
io.github.prabhuomkar.pytorchandroid.R$interpolator
io.github.prabhuomkar.pytorchandroid.models.Task:
    public java.lang.String getName()
    public java.lang.String getDescription()
    public java.lang.String getImageLink()
io.github.prabhuomkar.pytorchandroid.helpers.FragmentHelper
io.github.prabhuomkar.pytorchandroid.ui.fragments.TaskFragment:
    public static io.github.prabhuomkar.pytorchandroid.ui.fragments.TaskFragment newInstance(io.github.prabhuomkar.pytorchandroid.models.Task)
io.github.prabhuomkar.pytorchandroid.ui.adapters.TaskListAdapter:
    public io.github.prabhuomkar.pytorchandroid.ui.adapters.TaskListAdapter$TaskView onCreateViewHolder(android.view.ViewGroup)
    public void onBindViewHolder(io.github.prabhuomkar.pytorchandroid.ui.adapters.TaskListAdapter$TaskView,int)
...
android.support.v4.media.session.MediaSessionCompat$QueueItem$1:
    public android.support.v4.media.session.MediaSessionCompat$QueueItem createFromParcel(android.os.Parcel)
    public android.support.v4.media.session.MediaSessionCompat$QueueItem[] newArray(int)
androidx.recyclerview.widget.RecyclerView:
    public void initAdapterManager()
    public boolean removeAnimatingView(android.view.View)
    public void addItemDecoration(androidx.recyclerview.widget.RecyclerView$ItemDecoration,int)
    public void removeItemDecoration(androidx.recyclerview.widget.RecyclerView$ItemDecoration)
    public void addOnScrollListener(androidx.recyclerview.widget.RecyclerView$OnScrollListener)
    public void removeOnScrollListener(androidx.recyclerview.widget.RecyclerView$OnScrollListener)
    public void smoothScrollBy(int,int)
    public void smoothScrollBy(int,int,android.view.animation.Interpolator)
    public void smoothScrollBy(int,int,android.view.animation.Interpolator,int)
    public boolean fling(int,int)
    public void absorbGlows(int,int)
    public void addOnItemTouchListener(androidx.recyclerview.widget.RecyclerView$OnItemTouchListener)
    public void removeOnItemTouchListener(androidx.recyclerview.widget.RecyclerView$OnItemTouchListener)
    public void onExitLayoutOrScroll()
    public boolean isAccessibilityEnabled()
    public boolean shouldDeferAccessibilityEvent(android.view.accessibility.AccessibilityEvent)
    public void animateAppearance(androidx.recyclerview.widget.RecyclerView$ViewHolder,androidx.recyclerview.widget.RecyclerView$ItemAnimator$ItemHolderInfo,androidx.recyclerview.widget.RecyclerView$ItemAnimator$ItemHolderInfo)
androidx.appcompat.app.AppCompatDelegate:
    public static int getDefaultNightMode()
    public abstract androidx.appcompat.app.ActionBar getSupportActionBar()
    public abstract android.view.MenuInflater getMenuInflater()
    public abstract void onPostCreate(android.os.Bundle)
    public abstract void onConfigurationChanged(android.content.res.Configuration)
    public abstract void onStart()
    public abstract void onPostResume()
    public void setTheme(int)
    public abstract android.view.View findViewById(int)
    public void attachBaseContext(android.content.Context)
    public abstract void onDestroy()
    public abstract void onSaveInstanceState(android.os.Bundle)
    public int getLocalNightMode()
    public static int sDefaultNightMode
androidx.camera.core.CameraDeviceStateCallbacks
androidx.appcompat.widget.FitWindowsViewGroup$OnFitSystemWindowsListener:
    public abstract void onFitSystemWindows(android.graphics.Rect)
androidx.constraintlayout.solver.widgets.Guideline$1
androidx.camera.camera2.impl.compat.CameraManagerCompatBaseImpl:
    public android.hardware.camera2.CameraManager getCameraManager()
android.support.v4.media.MediaDescriptionCompatApi21
android.support.v4.media.session.MediaSessionCompat$Token:
    public void <init>(java.lang.Object,android.support.v4.media.session.IMediaSession,android.os.Bundle)
    public android.support.v4.media.session.IMediaSession getExtraBinder()
    public void setExtraBinder(android.support.v4.media.session.IMediaSession)
    public void setSessionToken2Bundle(android.os.Bundle)
    public android.os.Bundle mSessionToken2Bundle
androidx.camera.core.ImageAnalysis$2:
    public final synthetic androidx.camera.core.ImageAnalysis this$0
androidx.core.provider.FontsContractCompat$FontInfo:
    public android.net.Uri getUri()
    public int getTtcIndex()
    public int getWeight()
    public boolean isItalic()
    public int getResultCode()